<?xml version="1.0" encoding="UTF-8"?>
<testsuite xmlns:xsi="http://www.w3.org/2001/XMLSchema-instance" xsi:noNamespaceSchemaLocation="https://maven.apache.org/surefire/maven-surefire-plugin/xsd/surefire-test-report-3.0.xsd" version="3.0" name="com.bridgelabz.QuantityMeasurementAppTest" time="0.661" tests="82" errors="0" skipped="0" failures="0">
  <properties>
[...]
</properties>
  <testcase name="testAddition_ExplicitTarget_LargeToSmall" classname="com.bridgelabz.QuantityMeasurementAppTest" time="0.139"/>
  <testcase name="testEquality_CmToInches_Equivalent" classname="com.bridgelabz.QuantityMeasurementAppTest" time="0.004"/>
  <testcase name="testConversion_FeetToYards" classname="com.bridgelabz.QuantityMeasurementAppTest" time="0.004"/>
  <testcase name="testAddition_ExplicitTarget_SameAsFirst" classname="com.bridgelabz.QuantityMeasurementAppTest" time="0.005"/>
  <testcase name="testAddition_ExplicitTarget_NullTargetUnit_ThrowsException" classname="com.bridgelabz.QuantityMeasurementAppTest" time="0.009"/>
  <testcase name="testWeightAddition_ExplicitTarget_Gram" classname="com.bridgelabz.QuantityMeasurementAppTest" time="0.007"/>
  <testcase name="testEquality_CmToFeet_NonEquivalent" classname="com.bridgelabz.QuantityMeasurementAppTest" time="0.005"/>
  <testcase name="testEquality_InchToInch_SameValue" classname="com.bridgelabz.QuantityMeasurementAppTest" time="0.006"/>
  <testcase name="testEquality_FeetToFeet_DifferentValue" classname="com.bridgelabz.QuantityMeasurementAppTest" time="0.002"/>
  <testcase name="testEquality_YardToInches_Equivalent" classname="com.bridgelabz.QuantityMeasurementAppTest" time="0.003"/>
  <testcase name="testEquality_YardToFeet_NonEquivalent" classname="com.bridgelabz.QuantityMeasurementAppTest" time="0.003"/>
  <testcase name="testAddition_NullOperand_ThrowsException" classname="com.bridgelabz.QuantityMeasurementAppTest" time="0.006"/>
  <testcase name="testConversion_ZeroValue" classname="com.bridgelabz.QuantityMeasurementAppTest" time="0.003"/>
  <testcase name="testLengthUnit_FeetConversionFactor" classname="com.bridgelabz.QuantityMeasurementAppTest" time="0.003"/>
  <testcase name="testConversion_RoundTrip" classname="com.bridgelabz.QuantityMeasurementAppTest" time="0.003"/>
  <testcase name="testEquality_InchesToYard_Equivalent" classname="com.bridgelabz.QuantityMeasurementAppTest" time="0.002"/>
  <testcase name="testWeight_KgToPound_Equivalent" classname="com.bridgelabz.QuantityMeasurementAppTest" time="0.002"/>
  <testcase name="testAddition_ExplicitTarget_NegativeValues" classname="com.bridgelabz.QuantityMeasurementAppTest" time="0.003"/>
  <testcase name="testEquality_TransitiveProperty" classname="com.bridgelabz.QuantityMeasurementAppTest" time="0.003"/>
  <testcase name="testConversion_NegativeValue" classname="com.bridgelabz.QuantityMeasurementAppTest" time="0.002"/>
  <testcase name="testWeightAddition_NullOperand_ThrowsException" classname="com.bridgelabz.QuantityMeasurementAppTest" time="0.004"/>
  <testcase name="testEquality_InchToFeet_EquivalentValue" classname="com.bridgelabz.QuantityMeasurementAppTest" time="0.005"/>
  <testcase name="testAddition_SameUnit_InchPlusInch" classname="com.bridgelabz.QuantityMeasurementAppTest" time="0.003"/>
  <testcase name="testEquality_CmNullComparison" classname="com.bridgelabz.QuantityMeasurementAppTest" time="0.002"/>
  <testcase name="testConversion_NullTargetUnit_ThrowsException" classname="com.bridgelabz.QuantityMeasurementAppTest" time="0.004"/>
  <testcase name="testConvertToBaseUnit_YardsToFeet" classname="com.bridgelabz.QuantityMeasurementAppTest" time="0.003"/>
  <testcase name="testAddition_ExplicitTarget_Inches" classname="com.bridgelabz.QuantityMeasurementAppTest" time="0.002"/>
  <testcase name="testAddition_CrossUnit_FeetPlusInches" classname="com.bridgelabz.QuantityMeasurementAppTest" time="0.002"/>
  <testcase name="testAddition_ExplicitTarget_Yards" classname="com.bridgelabz.QuantityMeasurementAppTest" time="0.002"/>
  <testcase name="testWeight_WeightVsLength_Incompatible" classname="com.bridgelabz.QuantityMeasurementAppTest" time="0.002"/>
  <testcase name="testAddition_NegativeValues" classname="com.bridgelabz.QuantityMeasurementAppTest" time="0.002"/>
  <testcase name="testWeightAddition_KgPlusKg" classname="com.bridgelabz.QuantityMeasurementAppTest" time="0.002"/>
  <testcase name="testLengthUnit_YardsConversionFactor" classname="com.bridgelabz.QuantityMeasurementAppTest" time="0.002"/>
  <testcase name="testEquality_YardSameReference" classname="com.bridgelabz.QuantityMeasurementAppTest" time="0.002"/>
  <testcase name="testEquality_CmToCm_SameValue" classname="com.bridgelabz.QuantityMeasurementAppTest" time="0.002"/>
  <testcase name="testEquality_YardToFeet_Equivalent" classname="com.bridgelabz.QuantityMeasurementAppTest" time="0.003"/>
  <testcase name="testAddition_Commutativity" classname="com.bridgelabz.QuantityMeasurementAppTest" time="0.002"/>
  <testcase name="testWeight_KgToKg_Same" classname="com.bridgelabz.QuantityMeasurementAppTest" time="0.001"/>
  <testcase name="testWeight_SameReference" classname="com.bridgelabz.QuantityMeasurementAppTest" time="0.004"/>
  <testcase name="testEquality_FeetToFeet_SameValue" classname="com.bridgelabz.QuantityMeasurementAppTest" time="0.003"/>
  <testcase name="testAddition_LargeValues" classname="com.bridgelabz.QuantityMeasurementAppTest" time="0.003"/>
  <testcase name="testAddition_ExplicitTarget_WithZero" classname="com.bridgelabz.QuantityMeasurementAppTest" time="0.002"/>
  <testcase name="testConvertToBaseUnit_InchesToFeet" classname="com.bridgelabz.QuantityMeasurementAppTest" time="0.003"/>
  <testcase name="testAddition_CrossUnit_YardPlusFeet" classname="com.bridgelabz.QuantityMeasurementAppTest" time="0.003"/>
  <testcase name="testEquality_YardToYard_SameValue" classname="com.bridgelabz.QuantityMeasurementAppTest" time="0.004"/>
  <testcase name="testWeightConversion_NullUnit_ThrowsException" classname="com.bridgelabz.QuantityMeasurementAppTest" time="0.005"/>
  <testcase name="testConversion_InfiniteValue_ThrowsException" classname="com.bridgelabz.QuantityMeasurementAppTest" time="0.004"/>
  <testcase name="testEquality_YardToYard_DifferentValue" classname="com.bridgelabz.QuantityMeasurementAppTest" time="0.003"/>
  <testcase name="testConvertFromBaseUnit_FeetToYards" classname="com.bridgelabz.QuantityMeasurementAppTest" time="0.003"/>
  <testcase name="testConversion_FeetToInches" classname="com.bridgelabz.QuantityMeasurementAppTest" time="0.003"/>
  <testcase name="testWeightConversion_PoundToKg" classname="com.bridgelabz.QuantityMeasurementAppTest" time="0.002"/>
  <testcase name="testAddition_CrossUnit_InchPlusFeet" classname="com.bridgelabz.QuantityMeasurementAppTest" time="0.003"/>
  <testcase name="testLengthUnit_InchesConversionFactor" classname="com.bridgelabz.QuantityMeasurementAppTest" time="0.002"/>
  <testcase name="testWeight_GramToKg_Equivalent" classname="com.bridgelabz.QuantityMeasurementAppTest" time="0.003"/>
  <testcase name="testWeightConversion_KgToGram" classname="com.bridgelabz.QuantityMeasurementAppTest" time="0.003"/>
  <testcase name="testAddition_CrossUnit_CmPlusInch" classname="com.bridgelabz.QuantityMeasurementAppTest" time="0.002"/>
  <testcase name="testEquality_YardNullComparison" classname="com.bridgelabz.QuantityMeasurementAppTest" time="0.004"/>
  <testcase name="testWeight_NullComparison" classname="com.bridgelabz.QuantityMeasurementAppTest" time="0.003"/>
  <testcase name="testWeight_DifferentValues" classname="com.bridgelabz.QuantityMeasurementAppTest" time="0.003"/>
  <testcase name="testConversion_InchesToYards" classname="com.bridgelabz.QuantityMeasurementAppTest" time="0.004"/>
  <testcase name="testEquality_SameReference" classname="com.bridgelabz.QuantityMeasurementAppTest" time="0.002"/>
  <testcase name="testAddition_ExplicitTarget_Feet" classname="com.bridgelabz.QuantityMeasurementAppTest" time="0.002"/>
  <testcase name="testEquality_NullComparison" classname="com.bridgelabz.QuantityMeasurementAppTest" time="0.004"/>
  <testcase name="testWeightConversion_ZeroValue" classname="com.bridgelabz.QuantityMeasurementAppTest" time="0.003"/>
  <testcase name="testEquality_FeetToYard_Equivalent" classname="com.bridgelabz.QuantityMeasurementAppTest" time="0.002"/>
  <testcase name="testEquality_FeetToInch_EquivalentValue" classname="com.bridgelabz.QuantityMeasurementAppTest" time="0.002"/>
  <testcase name="testConvertFromBaseUnit_FeetToInches" classname="com.bridgelabz.QuantityMeasurementAppTest" time="0.002"/>
  <testcase name="testAddition_ExplicitTarget_Commutativity" classname="com.bridgelabz.QuantityMeasurementAppTest" time="0.001"/>
  <testcase name="testWeightConversion_RoundTrip" classname="com.bridgelabz.QuantityMeasurementAppTest" time="0.001"/>
  <testcase name="testEquality_InchToInch_DifferentValue" classname="com.bridgelabz.QuantityMeasurementAppTest" time="0.002"/>
  <testcase name="testEquality_CmSameReference" classname="com.bridgelabz.QuantityMeasurementAppTest" time="0.001"/>
  <testcase name="testConversion_SameUnit" classname="com.bridgelabz.QuantityMeasurementAppTest" time="0.001"/>
  <testcase name="testWeight_KgToGram_Equivalent" classname="com.bridgelabz.QuantityMeasurementAppTest" time="0.002"/>
  <testcase name="testConversion_InchesToFeet" classname="com.bridgelabz.QuantityMeasurementAppTest" time="0.001"/>
  <testcase name="testAddition_SameUnit_FeetPlusFeet" classname="com.bridgelabz.QuantityMeasurementAppTest" time="0.002"/>
  <testcase name="testConversion_NaNValue_ThrowsException" classname="com.bridgelabz.QuantityMeasurementAppTest" time="0.004"/>
  <testcase name="testAddition_ExplicitTarget_SameAsSecond" classname="com.bridgelabz.QuantityMeasurementAppTest" time="0.002"/>
  <testcase name="testConversion_CentimetersToInches" classname="com.bridgelabz.QuantityMeasurementAppTest" time="0.002"/>
  <testcase name="testAddition_WithZero" classname="com.bridgelabz.QuantityMeasurementAppTest" time="0.002"/>
  <testcase name="testWeightAddition_KgPlusGram" classname="com.bridgelabz.QuantityMeasurementAppTest" time="0.002"/>
  <testcase name="testConversion_YardsToInches" classname="com.bridgelabz.QuantityMeasurementAppTest" time="0.002"/>
  <testcase name="testEquality_DifferentType" classname="com.bridgelabz.QuantityMeasurementAppTest" time="0.003"/>
</testsuite>